<?xml version="1.0" encoding="UTF-8"?>
<testng-results ignored="0" total="1" passed="1" failed="0" skipped="0">
  <reporter-output>
  </reporter-output>
  <suite started-at="2024-12-17T11:24:39 GMT" name="Default suite" finished-at="2024-12-17T11:25:07 GMT" duration-ms="28315">
    <groups>
    </groups>
    <test started-at="2024-12-17T11:24:39 GMT" name="Default test" finished-at="2024-12-17T11:25:07 GMT" duration-ms="28315">
      <class name="laRosatest.testclass">
        <test-method is-config="true" signature="setup()[pri:0, instance:laRosatest.testclass@53ce1329]" started-at="2024-12-17T11:24:39 GMT" name="setup" finished-at="2024-12-17T11:25:00 GMT" duration-ms="21248" status="PASS">
          <reporter-output>
          </reporter-output>
        </test-method> <!-- setup -->
        <test-method signature="testlarosa()[pri:0, instance:laRosatest.testclass@53ce1329]" started-at="2024-12-17T11:25:00 GMT" name="testlarosa" finished-at="2024-12-17T11:25:07 GMT" duration-ms="6764" status="PASS">
          <reporter-output>
          </reporter-output>
        </test-method> <!-- testlarosa -->
      </class> <!-- laRosatest.testclass -->
    </test> <!-- Default test -->
  </suite> <!-- Default suite -->
</testng-results>
